[ 2025-01-24 13:46:51,116 ] 135 root - INFO - Starting embedding pipeline...
[ 2025-01-24 13:46:51,116 ] 66 sentence_transformers.SentenceTransformer - INFO - Load pretrained SentenceTransformer: all-MiniLM-L6-v2
[ 2025-01-24 13:46:55,334 ] 105 sentence_transformers.SentenceTransformer - INFO - Use pytorch device: cpu
[ 2025-01-24 13:46:55,340 ] 25 root - INFO - Generating text embeddings...
[ 2025-01-24 13:46:55,701 ] 32 root - INFO - Text embeddings saved to C:\Users\91832\Desktop\RAG_Model_development\embeddings\cleaned_text_chunks_embeddings.npy
[ 2025-01-24 13:46:55,701 ] 35 root - INFO - Text mappings generated: 15
[ 2025-01-24 13:46:55,702 ] 54 root - INFO - Processing table file: C:\Users\91832\Desktop\RAG_Model_development\data\processed\flattened_table\table_page_18_table_1.csv
[ 2025-01-24 13:46:55,729 ] 54 root - INFO - Processing table file: C:\Users\91832\Desktop\RAG_Model_development\data\processed\flattened_table\table_page_30_table_1.csv
[ 2025-01-24 13:46:55,782 ] 69 root - INFO - Saved embedding for row 0 to C:\Users\91832\Desktop\RAG_Model_development\embeddings\table_page_30_table_1_row_0_embedding.npy
[ 2025-01-24 13:46:55,783 ] 54 root - INFO - Processing table file: C:\Users\91832\Desktop\RAG_Model_development\data\processed\flattened_table\table_page_33_table_1.csv
[ 2025-01-24 13:46:55,823 ] 69 root - INFO - Saved embedding for row 0 to C:\Users\91832\Desktop\RAG_Model_development\embeddings\table_page_33_table_1_row_0_embedding.npy
[ 2025-01-24 13:46:55,860 ] 69 root - INFO - Saved embedding for row 1 to C:\Users\91832\Desktop\RAG_Model_development\embeddings\table_page_33_table_1_row_1_embedding.npy
[ 2025-01-24 13:46:55,892 ] 69 root - INFO - Saved embedding for row 2 to C:\Users\91832\Desktop\RAG_Model_development\embeddings\table_page_33_table_1_row_2_embedding.npy
[ 2025-01-24 13:46:55,924 ] 69 root - INFO - Saved embedding for row 3 to C:\Users\91832\Desktop\RAG_Model_development\embeddings\table_page_33_table_1_row_3_embedding.npy
[ 2025-01-24 13:46:55,965 ] 69 root - INFO - Saved embedding for row 4 to C:\Users\91832\Desktop\RAG_Model_development\embeddings\table_page_33_table_1_row_4_embedding.npy
[ 2025-01-24 13:46:55,965 ] 54 root - INFO - Processing table file: C:\Users\91832\Desktop\RAG_Model_development\data\processed\flattened_table\table_page_34_table_1.csv
[ 2025-01-24 13:46:56,007 ] 69 root - INFO - Saved embedding for row 0 to C:\Users\91832\Desktop\RAG_Model_development\embeddings\table_page_34_table_1_row_0_embedding.npy
[ 2025-01-24 13:46:56,050 ] 69 root - INFO - Saved embedding for row 1 to C:\Users\91832\Desktop\RAG_Model_development\embeddings\table_page_34_table_1_row_1_embedding.npy
[ 2025-01-24 13:46:56,083 ] 69 root - INFO - Saved embedding for row 2 to C:\Users\91832\Desktop\RAG_Model_development\embeddings\table_page_34_table_1_row_2_embedding.npy
[ 2025-01-24 13:46:56,122 ] 69 root - INFO - Saved embedding for row 3 to C:\Users\91832\Desktop\RAG_Model_development\embeddings\table_page_34_table_1_row_3_embedding.npy
[ 2025-01-24 13:46:56,166 ] 69 root - INFO - Saved embedding for row 4 to C:\Users\91832\Desktop\RAG_Model_development\embeddings\table_page_34_table_1_row_4_embedding.npy
[ 2025-01-24 13:46:56,200 ] 69 root - INFO - Saved embedding for row 5 to C:\Users\91832\Desktop\RAG_Model_development\embeddings\table_page_34_table_1_row_5_embedding.npy
[ 2025-01-24 13:46:56,247 ] 69 root - INFO - Saved embedding for row 6 to C:\Users\91832\Desktop\RAG_Model_development\embeddings\table_page_34_table_1_row_6_embedding.npy
[ 2025-01-24 13:46:56,290 ] 69 root - INFO - Saved embedding for row 7 to C:\Users\91832\Desktop\RAG_Model_development\embeddings\table_page_34_table_1_row_7_embedding.npy
[ 2025-01-24 13:46:56,291 ] 54 root - INFO - Processing table file: C:\Users\91832\Desktop\RAG_Model_development\data\processed\flattened_table\table_page_34_table_2.csv
[ 2025-01-24 13:46:56,327 ] 69 root - INFO - Saved embedding for row 0 to C:\Users\91832\Desktop\RAG_Model_development\embeddings\table_page_34_table_2_row_0_embedding.npy
[ 2025-01-24 13:46:56,368 ] 69 root - INFO - Saved embedding for row 1 to C:\Users\91832\Desktop\RAG_Model_development\embeddings\table_page_34_table_2_row_1_embedding.npy
[ 2025-01-24 13:46:56,412 ] 69 root - INFO - Saved embedding for row 2 to C:\Users\91832\Desktop\RAG_Model_development\embeddings\table_page_34_table_2_row_2_embedding.npy
[ 2025-01-24 13:46:56,456 ] 69 root - INFO - Saved embedding for row 3 to C:\Users\91832\Desktop\RAG_Model_development\embeddings\table_page_34_table_2_row_3_embedding.npy
[ 2025-01-24 13:46:56,511 ] 69 root - INFO - Saved embedding for row 4 to C:\Users\91832\Desktop\RAG_Model_development\embeddings\table_page_34_table_2_row_4_embedding.npy
[ 2025-01-24 13:46:56,550 ] 69 root - INFO - Saved embedding for row 5 to C:\Users\91832\Desktop\RAG_Model_development\embeddings\table_page_34_table_2_row_5_embedding.npy
[ 2025-01-24 13:46:56,599 ] 69 root - INFO - Saved embedding for row 6 to C:\Users\91832\Desktop\RAG_Model_development\embeddings\table_page_34_table_2_row_6_embedding.npy
[ 2025-01-24 13:46:56,600 ] 54 root - INFO - Processing table file: C:\Users\91832\Desktop\RAG_Model_development\data\processed\flattened_table\table_page_34_table_3.csv
[ 2025-01-24 13:46:56,652 ] 69 root - INFO - Saved embedding for row 0 to C:\Users\91832\Desktop\RAG_Model_development\embeddings\table_page_34_table_3_row_0_embedding.npy
[ 2025-01-24 13:46:56,694 ] 69 root - INFO - Saved embedding for row 1 to C:\Users\91832\Desktop\RAG_Model_development\embeddings\table_page_34_table_3_row_1_embedding.npy
[ 2025-01-24 13:46:56,733 ] 69 root - INFO - Saved embedding for row 2 to C:\Users\91832\Desktop\RAG_Model_development\embeddings\table_page_34_table_3_row_2_embedding.npy
[ 2025-01-24 13:46:56,791 ] 69 root - INFO - Saved embedding for row 3 to C:\Users\91832\Desktop\RAG_Model_development\embeddings\table_page_34_table_3_row_3_embedding.npy
[ 2025-01-24 13:46:56,845 ] 69 root - INFO - Saved embedding for row 4 to C:\Users\91832\Desktop\RAG_Model_development\embeddings\table_page_34_table_3_row_4_embedding.npy
[ 2025-01-24 13:46:56,950 ] 69 root - INFO - Saved embedding for row 5 to C:\Users\91832\Desktop\RAG_Model_development\embeddings\table_page_34_table_3_row_5_embedding.npy
[ 2025-01-24 13:46:56,989 ] 69 root - INFO - Saved embedding for row 6 to C:\Users\91832\Desktop\RAG_Model_development\embeddings\table_page_34_table_3_row_6_embedding.npy
[ 2025-01-24 13:46:57,054 ] 69 root - INFO - Saved embedding for row 7 to C:\Users\91832\Desktop\RAG_Model_development\embeddings\table_page_34_table_3_row_7_embedding.npy
[ 2025-01-24 13:46:57,056 ] 54 root - INFO - Processing table file: C:\Users\91832\Desktop\RAG_Model_development\data\processed\flattened_table\table_page_34_table_4.csv
[ 2025-01-24 13:46:57,109 ] 69 root - INFO - Saved embedding for row 0 to C:\Users\91832\Desktop\RAG_Model_development\embeddings\table_page_34_table_4_row_0_embedding.npy
[ 2025-01-24 13:46:57,166 ] 69 root - INFO - Saved embedding for row 1 to C:\Users\91832\Desktop\RAG_Model_development\embeddings\table_page_34_table_4_row_1_embedding.npy
[ 2025-01-24 13:46:57,231 ] 69 root - INFO - Saved embedding for row 2 to C:\Users\91832\Desktop\RAG_Model_development\embeddings\table_page_34_table_4_row_2_embedding.npy
[ 2025-01-24 13:46:57,634 ] 69 root - INFO - Saved embedding for row 3 to C:\Users\91832\Desktop\RAG_Model_development\embeddings\table_page_34_table_4_row_3_embedding.npy
[ 2025-01-24 13:46:57,787 ] 69 root - INFO - Saved embedding for row 4 to C:\Users\91832\Desktop\RAG_Model_development\embeddings\table_page_34_table_4_row_4_embedding.npy
[ 2025-01-24 13:46:57,863 ] 69 root - INFO - Saved embedding for row 5 to C:\Users\91832\Desktop\RAG_Model_development\embeddings\table_page_34_table_4_row_5_embedding.npy
[ 2025-01-24 13:46:57,944 ] 69 root - INFO - Saved embedding for row 6 to C:\Users\91832\Desktop\RAG_Model_development\embeddings\table_page_34_table_4_row_6_embedding.npy
[ 2025-01-24 13:46:57,944 ] 54 root - INFO - Processing table file: C:\Users\91832\Desktop\RAG_Model_development\data\processed\flattened_table\table_page_34_table_5.csv
[ 2025-01-24 13:46:58,031 ] 69 root - INFO - Saved embedding for row 0 to C:\Users\91832\Desktop\RAG_Model_development\embeddings\table_page_34_table_5_row_0_embedding.npy
[ 2025-01-24 13:46:58,111 ] 69 root - INFO - Saved embedding for row 1 to C:\Users\91832\Desktop\RAG_Model_development\embeddings\table_page_34_table_5_row_1_embedding.npy
[ 2025-01-24 13:46:58,178 ] 69 root - INFO - Saved embedding for row 2 to C:\Users\91832\Desktop\RAG_Model_development\embeddings\table_page_34_table_5_row_2_embedding.npy
[ 2025-01-24 13:46:58,264 ] 69 root - INFO - Saved embedding for row 3 to C:\Users\91832\Desktop\RAG_Model_development\embeddings\table_page_34_table_5_row_3_embedding.npy
[ 2025-01-24 13:46:58,368 ] 69 root - INFO - Saved embedding for row 4 to C:\Users\91832\Desktop\RAG_Model_development\embeddings\table_page_34_table_5_row_4_embedding.npy
[ 2025-01-24 13:46:58,376 ] 79 root - INFO - Total table embeddings generated: 41
[ 2025-01-24 13:46:58,376 ] 87 root - INFO - Creating FAISS index from precomputed embeddings...
[ 2025-01-24 13:46:58,394 ] 104 root - INFO - FAISS index created with 56 vectors.
[ 2025-01-24 13:46:58,432 ] 120 root - INFO - FAISS index vectors: 56
[ 2025-01-24 13:46:58,433 ] 121 root - INFO - Unified mapping entries: 56
[ 2025-01-24 13:46:58,433 ] 127 root - INFO - FAISS vectors and metadata entries are synchronized.
[ 2025-01-24 13:46:58,433 ] 159 root - INFO - Pipeline executed successfully and validated.
