[ 2025-01-24 13:54:16,996 ] 133 root - INFO - Starting embedding pipeline...
[ 2025-01-24 13:54:16,997 ] 66 sentence_transformers.SentenceTransformer - INFO - Load pretrained SentenceTransformer: all-MiniLM-L6-v2
[ 2025-01-24 13:54:22,211 ] 105 sentence_transformers.SentenceTransformer - INFO - Use pytorch device: cpu
[ 2025-01-24 13:54:22,215 ] 24 root - INFO - Generating text embeddings...
[ 2025-01-24 13:54:22,467 ] 31 root - INFO - Text embeddings saved to C:\Users\91832\Desktop\RAG_Model_development\embeddings\cleaned_text_chunks_embeddings.npy
[ 2025-01-24 13:54:22,467 ] 34 root - INFO - Text mappings generated: 15
[ 2025-01-24 13:54:22,468 ] 53 root - INFO - Processing table file: C:\Users\91832\Desktop\RAG_Model_development\data\processed\flattened_table\table_page_18_table_1.csv
[ 2025-01-24 13:54:22,495 ] 53 root - INFO - Processing table file: C:\Users\91832\Desktop\RAG_Model_development\data\processed\flattened_table\table_page_30_table_1.csv
[ 2025-01-24 13:54:22,554 ] 68 root - INFO - Saved embedding for row 0 to C:\Users\91832\Desktop\RAG_Model_development\embeddings\table_page_30_table_1_row_0_embedding.npy
[ 2025-01-24 13:54:22,554 ] 53 root - INFO - Processing table file: C:\Users\91832\Desktop\RAG_Model_development\data\processed\flattened_table\table_page_33_table_1.csv
[ 2025-01-24 13:54:22,594 ] 68 root - INFO - Saved embedding for row 0 to C:\Users\91832\Desktop\RAG_Model_development\embeddings\table_page_33_table_1_row_0_embedding.npy
[ 2025-01-24 13:54:22,641 ] 68 root - INFO - Saved embedding for row 1 to C:\Users\91832\Desktop\RAG_Model_development\embeddings\table_page_33_table_1_row_1_embedding.npy
[ 2025-01-24 13:54:22,669 ] 68 root - INFO - Saved embedding for row 2 to C:\Users\91832\Desktop\RAG_Model_development\embeddings\table_page_33_table_1_row_2_embedding.npy
[ 2025-01-24 13:54:22,704 ] 68 root - INFO - Saved embedding for row 3 to C:\Users\91832\Desktop\RAG_Model_development\embeddings\table_page_33_table_1_row_3_embedding.npy
[ 2025-01-24 13:54:22,735 ] 68 root - INFO - Saved embedding for row 4 to C:\Users\91832\Desktop\RAG_Model_development\embeddings\table_page_33_table_1_row_4_embedding.npy
[ 2025-01-24 13:54:22,735 ] 53 root - INFO - Processing table file: C:\Users\91832\Desktop\RAG_Model_development\data\processed\flattened_table\table_page_34_table_1.csv
[ 2025-01-24 13:54:22,774 ] 68 root - INFO - Saved embedding for row 0 to C:\Users\91832\Desktop\RAG_Model_development\embeddings\table_page_34_table_1_row_0_embedding.npy
[ 2025-01-24 13:54:22,816 ] 68 root - INFO - Saved embedding for row 1 to C:\Users\91832\Desktop\RAG_Model_development\embeddings\table_page_34_table_1_row_1_embedding.npy
[ 2025-01-24 13:54:22,849 ] 68 root - INFO - Saved embedding for row 2 to C:\Users\91832\Desktop\RAG_Model_development\embeddings\table_page_34_table_1_row_2_embedding.npy
[ 2025-01-24 13:54:22,889 ] 68 root - INFO - Saved embedding for row 3 to C:\Users\91832\Desktop\RAG_Model_development\embeddings\table_page_34_table_1_row_3_embedding.npy
[ 2025-01-24 13:54:22,929 ] 68 root - INFO - Saved embedding for row 4 to C:\Users\91832\Desktop\RAG_Model_development\embeddings\table_page_34_table_1_row_4_embedding.npy
[ 2025-01-24 13:54:22,957 ] 68 root - INFO - Saved embedding for row 5 to C:\Users\91832\Desktop\RAG_Model_development\embeddings\table_page_34_table_1_row_5_embedding.npy
[ 2025-01-24 13:54:22,995 ] 68 root - INFO - Saved embedding for row 6 to C:\Users\91832\Desktop\RAG_Model_development\embeddings\table_page_34_table_1_row_6_embedding.npy
[ 2025-01-24 13:54:23,037 ] 68 root - INFO - Saved embedding for row 7 to C:\Users\91832\Desktop\RAG_Model_development\embeddings\table_page_34_table_1_row_7_embedding.npy
[ 2025-01-24 13:54:23,037 ] 53 root - INFO - Processing table file: C:\Users\91832\Desktop\RAG_Model_development\data\processed\flattened_table\table_page_34_table_2.csv
[ 2025-01-24 13:54:23,079 ] 68 root - INFO - Saved embedding for row 0 to C:\Users\91832\Desktop\RAG_Model_development\embeddings\table_page_34_table_2_row_0_embedding.npy
[ 2025-01-24 13:54:23,126 ] 68 root - INFO - Saved embedding for row 1 to C:\Users\91832\Desktop\RAG_Model_development\embeddings\table_page_34_table_2_row_1_embedding.npy
[ 2025-01-24 13:54:23,160 ] 68 root - INFO - Saved embedding for row 2 to C:\Users\91832\Desktop\RAG_Model_development\embeddings\table_page_34_table_2_row_2_embedding.npy
[ 2025-01-24 13:54:23,195 ] 68 root - INFO - Saved embedding for row 3 to C:\Users\91832\Desktop\RAG_Model_development\embeddings\table_page_34_table_2_row_3_embedding.npy
[ 2025-01-24 13:54:23,227 ] 68 root - INFO - Saved embedding for row 4 to C:\Users\91832\Desktop\RAG_Model_development\embeddings\table_page_34_table_2_row_4_embedding.npy
[ 2025-01-24 13:54:23,255 ] 68 root - INFO - Saved embedding for row 5 to C:\Users\91832\Desktop\RAG_Model_development\embeddings\table_page_34_table_2_row_5_embedding.npy
[ 2025-01-24 13:54:23,298 ] 68 root - INFO - Saved embedding for row 6 to C:\Users\91832\Desktop\RAG_Model_development\embeddings\table_page_34_table_2_row_6_embedding.npy
[ 2025-01-24 13:54:23,298 ] 53 root - INFO - Processing table file: C:\Users\91832\Desktop\RAG_Model_development\data\processed\flattened_table\table_page_34_table_3.csv
[ 2025-01-24 13:54:23,344 ] 68 root - INFO - Saved embedding for row 0 to C:\Users\91832\Desktop\RAG_Model_development\embeddings\table_page_34_table_3_row_0_embedding.npy
[ 2025-01-24 13:54:23,390 ] 68 root - INFO - Saved embedding for row 1 to C:\Users\91832\Desktop\RAG_Model_development\embeddings\table_page_34_table_3_row_1_embedding.npy
[ 2025-01-24 13:54:23,438 ] 68 root - INFO - Saved embedding for row 2 to C:\Users\91832\Desktop\RAG_Model_development\embeddings\table_page_34_table_3_row_2_embedding.npy
[ 2025-01-24 13:54:23,478 ] 68 root - INFO - Saved embedding for row 3 to C:\Users\91832\Desktop\RAG_Model_development\embeddings\table_page_34_table_3_row_3_embedding.npy
[ 2025-01-24 13:54:23,519 ] 68 root - INFO - Saved embedding for row 4 to C:\Users\91832\Desktop\RAG_Model_development\embeddings\table_page_34_table_3_row_4_embedding.npy
[ 2025-01-24 13:54:23,565 ] 68 root - INFO - Saved embedding for row 5 to C:\Users\91832\Desktop\RAG_Model_development\embeddings\table_page_34_table_3_row_5_embedding.npy
[ 2025-01-24 13:54:23,619 ] 68 root - INFO - Saved embedding for row 6 to C:\Users\91832\Desktop\RAG_Model_development\embeddings\table_page_34_table_3_row_6_embedding.npy
[ 2025-01-24 13:54:23,671 ] 68 root - INFO - Saved embedding for row 7 to C:\Users\91832\Desktop\RAG_Model_development\embeddings\table_page_34_table_3_row_7_embedding.npy
[ 2025-01-24 13:54:23,672 ] 53 root - INFO - Processing table file: C:\Users\91832\Desktop\RAG_Model_development\data\processed\flattened_table\table_page_34_table_4.csv
[ 2025-01-24 13:54:23,723 ] 68 root - INFO - Saved embedding for row 0 to C:\Users\91832\Desktop\RAG_Model_development\embeddings\table_page_34_table_4_row_0_embedding.npy
[ 2025-01-24 13:54:23,774 ] 68 root - INFO - Saved embedding for row 1 to C:\Users\91832\Desktop\RAG_Model_development\embeddings\table_page_34_table_4_row_1_embedding.npy
[ 2025-01-24 13:54:23,822 ] 68 root - INFO - Saved embedding for row 2 to C:\Users\91832\Desktop\RAG_Model_development\embeddings\table_page_34_table_4_row_2_embedding.npy
[ 2025-01-24 13:54:23,869 ] 68 root - INFO - Saved embedding for row 3 to C:\Users\91832\Desktop\RAG_Model_development\embeddings\table_page_34_table_4_row_3_embedding.npy
[ 2025-01-24 13:54:23,919 ] 68 root - INFO - Saved embedding for row 4 to C:\Users\91832\Desktop\RAG_Model_development\embeddings\table_page_34_table_4_row_4_embedding.npy
[ 2025-01-24 13:54:23,963 ] 68 root - INFO - Saved embedding for row 5 to C:\Users\91832\Desktop\RAG_Model_development\embeddings\table_page_34_table_4_row_5_embedding.npy
[ 2025-01-24 13:54:24,039 ] 68 root - INFO - Saved embedding for row 6 to C:\Users\91832\Desktop\RAG_Model_development\embeddings\table_page_34_table_4_row_6_embedding.npy
[ 2025-01-24 13:54:24,041 ] 53 root - INFO - Processing table file: C:\Users\91832\Desktop\RAG_Model_development\data\processed\flattened_table\table_page_34_table_5.csv
[ 2025-01-24 13:54:24,154 ] 68 root - INFO - Saved embedding for row 0 to C:\Users\91832\Desktop\RAG_Model_development\embeddings\table_page_34_table_5_row_0_embedding.npy
[ 2025-01-24 13:54:24,235 ] 68 root - INFO - Saved embedding for row 1 to C:\Users\91832\Desktop\RAG_Model_development\embeddings\table_page_34_table_5_row_1_embedding.npy
[ 2025-01-24 13:54:24,319 ] 68 root - INFO - Saved embedding for row 2 to C:\Users\91832\Desktop\RAG_Model_development\embeddings\table_page_34_table_5_row_2_embedding.npy
[ 2025-01-24 13:54:24,383 ] 68 root - INFO - Saved embedding for row 3 to C:\Users\91832\Desktop\RAG_Model_development\embeddings\table_page_34_table_5_row_3_embedding.npy
[ 2025-01-24 13:54:24,425 ] 68 root - INFO - Saved embedding for row 4 to C:\Users\91832\Desktop\RAG_Model_development\embeddings\table_page_34_table_5_row_4_embedding.npy
[ 2025-01-24 13:54:24,425 ] 78 root - INFO - Total table embeddings generated: 41
[ 2025-01-24 13:54:24,425 ] 86 root - INFO - Creating FAISS index from precomputed embeddings...
[ 2025-01-24 13:54:24,433 ] 103 root - INFO - FAISS index created with 56 vectors.
[ 2025-01-24 13:54:24,460 ] 118 root - INFO - FAISS index vectors: 56
[ 2025-01-24 13:54:24,460 ] 119 root - INFO - Unified mapping entries: 56
[ 2025-01-24 13:54:24,461 ] 125 root - INFO - FAISS vectors and metadata entries are synchronized.
[ 2025-01-24 13:54:24,461 ] 157 root - INFO - Pipeline executed successfully and validated.
