[ 2025-01-24 13:32:52,916 ] 153 root - INFO - Starting embedding pipeline...
[ 2025-01-24 13:32:52,917 ] 66 sentence_transformers.SentenceTransformer - INFO - Load pretrained SentenceTransformer: all-MiniLM-L6-v2
[ 2025-01-24 13:32:57,621 ] 105 sentence_transformers.SentenceTransformer - INFO - Use pytorch device: cpu
[ 2025-01-24 13:32:57,624 ] 25 root - INFO - Generating text embeddings...
[ 2025-01-24 13:32:57,872 ] 32 root - INFO - Text embeddings saved to C:\Users\91832\Desktop\RAG_Model_development\embeddings\cleaned_text_chunks_embeddings.npy
[ 2025-01-24 13:32:57,873 ] 35 root - INFO - Text mappings generated: 15
[ 2025-01-24 13:32:57,873 ] 54 root - INFO - Processing table file: C:\Users\91832\Desktop\RAG_Model_development\data\processed\flattened_table\table_page_18_table_1.csv
[ 2025-01-24 13:32:57,901 ] 54 root - INFO - Processing table file: C:\Users\91832\Desktop\RAG_Model_development\data\processed\flattened_table\table_page_30_table_1.csv
[ 2025-01-24 13:32:57,958 ] 68 root - INFO - Saved embedding for row 0 to C:\Users\91832\Desktop\RAG_Model_development\embeddings\table_page_30_table_1_row_0_embedding.npy
[ 2025-01-24 13:32:57,959 ] 54 root - INFO - Processing table file: C:\Users\91832\Desktop\RAG_Model_development\data\processed\flattened_table\table_page_33_table_1.csv
[ 2025-01-24 13:32:57,999 ] 68 root - INFO - Saved embedding for row 0 to C:\Users\91832\Desktop\RAG_Model_development\embeddings\table_page_33_table_1_row_0_embedding.npy
[ 2025-01-24 13:32:58,026 ] 68 root - INFO - Saved embedding for row 1 to C:\Users\91832\Desktop\RAG_Model_development\embeddings\table_page_33_table_1_row_1_embedding.npy
[ 2025-01-24 13:32:58,049 ] 68 root - INFO - Saved embedding for row 2 to C:\Users\91832\Desktop\RAG_Model_development\embeddings\table_page_33_table_1_row_2_embedding.npy
[ 2025-01-24 13:32:58,072 ] 68 root - INFO - Saved embedding for row 3 to C:\Users\91832\Desktop\RAG_Model_development\embeddings\table_page_33_table_1_row_3_embedding.npy
[ 2025-01-24 13:32:58,098 ] 68 root - INFO - Saved embedding for row 4 to C:\Users\91832\Desktop\RAG_Model_development\embeddings\table_page_33_table_1_row_4_embedding.npy
[ 2025-01-24 13:32:58,098 ] 54 root - INFO - Processing table file: C:\Users\91832\Desktop\RAG_Model_development\data\processed\flattened_table\table_page_34_table_1.csv
[ 2025-01-24 13:32:58,130 ] 68 root - INFO - Saved embedding for row 0 to C:\Users\91832\Desktop\RAG_Model_development\embeddings\table_page_34_table_1_row_0_embedding.npy
[ 2025-01-24 13:32:58,162 ] 68 root - INFO - Saved embedding for row 1 to C:\Users\91832\Desktop\RAG_Model_development\embeddings\table_page_34_table_1_row_1_embedding.npy
[ 2025-01-24 13:32:58,204 ] 68 root - INFO - Saved embedding for row 2 to C:\Users\91832\Desktop\RAG_Model_development\embeddings\table_page_34_table_1_row_2_embedding.npy
[ 2025-01-24 13:32:58,245 ] 68 root - INFO - Saved embedding for row 3 to C:\Users\91832\Desktop\RAG_Model_development\embeddings\table_page_34_table_1_row_3_embedding.npy
[ 2025-01-24 13:32:58,281 ] 68 root - INFO - Saved embedding for row 4 to C:\Users\91832\Desktop\RAG_Model_development\embeddings\table_page_34_table_1_row_4_embedding.npy
[ 2025-01-24 13:32:58,314 ] 68 root - INFO - Saved embedding for row 5 to C:\Users\91832\Desktop\RAG_Model_development\embeddings\table_page_34_table_1_row_5_embedding.npy
[ 2025-01-24 13:32:58,348 ] 68 root - INFO - Saved embedding for row 6 to C:\Users\91832\Desktop\RAG_Model_development\embeddings\table_page_34_table_1_row_6_embedding.npy
[ 2025-01-24 13:32:58,393 ] 68 root - INFO - Saved embedding for row 7 to C:\Users\91832\Desktop\RAG_Model_development\embeddings\table_page_34_table_1_row_7_embedding.npy
[ 2025-01-24 13:32:58,393 ] 54 root - INFO - Processing table file: C:\Users\91832\Desktop\RAG_Model_development\data\processed\flattened_table\table_page_34_table_2.csv
[ 2025-01-24 13:32:58,430 ] 68 root - INFO - Saved embedding for row 0 to C:\Users\91832\Desktop\RAG_Model_development\embeddings\table_page_34_table_2_row_0_embedding.npy
[ 2025-01-24 13:32:58,464 ] 68 root - INFO - Saved embedding for row 1 to C:\Users\91832\Desktop\RAG_Model_development\embeddings\table_page_34_table_2_row_1_embedding.npy
[ 2025-01-24 13:32:58,496 ] 68 root - INFO - Saved embedding for row 2 to C:\Users\91832\Desktop\RAG_Model_development\embeddings\table_page_34_table_2_row_2_embedding.npy
[ 2025-01-24 13:32:58,528 ] 68 root - INFO - Saved embedding for row 3 to C:\Users\91832\Desktop\RAG_Model_development\embeddings\table_page_34_table_2_row_3_embedding.npy
[ 2025-01-24 13:32:58,567 ] 68 root - INFO - Saved embedding for row 4 to C:\Users\91832\Desktop\RAG_Model_development\embeddings\table_page_34_table_2_row_4_embedding.npy
[ 2025-01-24 13:32:58,601 ] 68 root - INFO - Saved embedding for row 5 to C:\Users\91832\Desktop\RAG_Model_development\embeddings\table_page_34_table_2_row_5_embedding.npy
[ 2025-01-24 13:32:58,644 ] 68 root - INFO - Saved embedding for row 6 to C:\Users\91832\Desktop\RAG_Model_development\embeddings\table_page_34_table_2_row_6_embedding.npy
[ 2025-01-24 13:32:58,644 ] 54 root - INFO - Processing table file: C:\Users\91832\Desktop\RAG_Model_development\data\processed\flattened_table\table_page_34_table_3.csv
[ 2025-01-24 13:32:58,683 ] 68 root - INFO - Saved embedding for row 0 to C:\Users\91832\Desktop\RAG_Model_development\embeddings\table_page_34_table_3_row_0_embedding.npy
[ 2025-01-24 13:32:58,722 ] 68 root - INFO - Saved embedding for row 1 to C:\Users\91832\Desktop\RAG_Model_development\embeddings\table_page_34_table_3_row_1_embedding.npy
[ 2025-01-24 13:32:58,759 ] 68 root - INFO - Saved embedding for row 2 to C:\Users\91832\Desktop\RAG_Model_development\embeddings\table_page_34_table_3_row_2_embedding.npy
[ 2025-01-24 13:32:58,800 ] 68 root - INFO - Saved embedding for row 3 to C:\Users\91832\Desktop\RAG_Model_development\embeddings\table_page_34_table_3_row_3_embedding.npy
[ 2025-01-24 13:32:58,849 ] 68 root - INFO - Saved embedding for row 4 to C:\Users\91832\Desktop\RAG_Model_development\embeddings\table_page_34_table_3_row_4_embedding.npy
[ 2025-01-24 13:32:58,912 ] 68 root - INFO - Saved embedding for row 5 to C:\Users\91832\Desktop\RAG_Model_development\embeddings\table_page_34_table_3_row_5_embedding.npy
[ 2025-01-24 13:32:58,959 ] 68 root - INFO - Saved embedding for row 6 to C:\Users\91832\Desktop\RAG_Model_development\embeddings\table_page_34_table_3_row_6_embedding.npy
[ 2025-01-24 13:32:59,060 ] 68 root - INFO - Saved embedding for row 7 to C:\Users\91832\Desktop\RAG_Model_development\embeddings\table_page_34_table_3_row_7_embedding.npy
[ 2025-01-24 13:32:59,061 ] 54 root - INFO - Processing table file: C:\Users\91832\Desktop\RAG_Model_development\data\processed\flattened_table\table_page_34_table_4.csv
[ 2025-01-24 13:32:59,130 ] 68 root - INFO - Saved embedding for row 0 to C:\Users\91832\Desktop\RAG_Model_development\embeddings\table_page_34_table_4_row_0_embedding.npy
[ 2025-01-24 13:32:59,180 ] 68 root - INFO - Saved embedding for row 1 to C:\Users\91832\Desktop\RAG_Model_development\embeddings\table_page_34_table_4_row_1_embedding.npy
[ 2025-01-24 13:32:59,221 ] 68 root - INFO - Saved embedding for row 2 to C:\Users\91832\Desktop\RAG_Model_development\embeddings\table_page_34_table_4_row_2_embedding.npy
[ 2025-01-24 13:32:59,275 ] 68 root - INFO - Saved embedding for row 3 to C:\Users\91832\Desktop\RAG_Model_development\embeddings\table_page_34_table_4_row_3_embedding.npy
[ 2025-01-24 13:32:59,321 ] 68 root - INFO - Saved embedding for row 4 to C:\Users\91832\Desktop\RAG_Model_development\embeddings\table_page_34_table_4_row_4_embedding.npy
[ 2025-01-24 13:32:59,365 ] 68 root - INFO - Saved embedding for row 5 to C:\Users\91832\Desktop\RAG_Model_development\embeddings\table_page_34_table_4_row_5_embedding.npy
[ 2025-01-24 13:32:59,425 ] 68 root - INFO - Saved embedding for row 6 to C:\Users\91832\Desktop\RAG_Model_development\embeddings\table_page_34_table_4_row_6_embedding.npy
[ 2025-01-24 13:32:59,426 ] 54 root - INFO - Processing table file: C:\Users\91832\Desktop\RAG_Model_development\data\processed\flattened_table\table_page_34_table_5.csv
[ 2025-01-24 13:32:59,537 ] 68 root - INFO - Saved embedding for row 0 to C:\Users\91832\Desktop\RAG_Model_development\embeddings\table_page_34_table_5_row_0_embedding.npy
[ 2025-01-24 13:32:59,712 ] 68 root - INFO - Saved embedding for row 1 to C:\Users\91832\Desktop\RAG_Model_development\embeddings\table_page_34_table_5_row_1_embedding.npy
[ 2025-01-24 13:32:59,801 ] 68 root - INFO - Saved embedding for row 2 to C:\Users\91832\Desktop\RAG_Model_development\embeddings\table_page_34_table_5_row_2_embedding.npy
[ 2025-01-24 13:32:59,877 ] 68 root - INFO - Saved embedding for row 3 to C:\Users\91832\Desktop\RAG_Model_development\embeddings\table_page_34_table_5_row_3_embedding.npy
[ 2025-01-24 13:32:59,939 ] 68 root - INFO - Saved embedding for row 4 to C:\Users\91832\Desktop\RAG_Model_development\embeddings\table_page_34_table_5_row_4_embedding.npy
[ 2025-01-24 13:32:59,939 ] 79 root - INFO - Total table embeddings generated: 41
[ 2025-01-24 13:32:59,940 ] 87 root - INFO - Generating embeddings for FAISS index...
[ 2025-01-24 13:33:00,657 ] 124 root - ERROR - Error creating FAISS index: Mismatch between FAISS embeddings and unified mapping entries.
[ 2025-01-24 13:33:00,657 ] 181 root - ERROR - Error in the embedding pipeline: __init__() missing 1 required positional argument: 'error_detail'
